<?xml version="1.0" encoding="UTF-8"?>
<testsuite xmlns:xsi="http://www.w3.org/2001/XMLSchema-instance" xsi:noNamespaceSchemaLocation="https://maven.apache.org/surefire/maven-surefire-plugin/xsd/surefire-test-report-3.0.xsd" version="3.0" name="TestSuite" time="3.663" tests="2" errors="0" skipped="0" failures="2">
  <properties>
    <property name="surefire.suiteXmlFiles" value="testng.xml"/>
    <property name="java.specification.version" value="18"/>
    <property name="sun.jnu.encoding" value="UTF-8"/>
    <property name="java.class.path" value="/Users/rohithvasudevan/IdeaProjects/browserstack_task/target/test-classes:/Users/rohithvasudevan/IdeaProjects/browserstack_task/target/classes:/Users/rohithvasudevan/.m2/repository/org/seleniumhq/selenium/selenium-java/4.16.1/selenium-java-4.16.1.jar:/Users/rohithvasudevan/.m2/repository/org/seleniumhq/selenium/selenium-api/4.16.1/selenium-api-4.16.1.jar:/Users/rohithvasudevan/.m2/repository/org/seleniumhq/selenium/selenium-chrome-driver/4.16.1/selenium-chrome-driver-4.16.1.jar:/Users/rohithvasudevan/.m2/repository/com/google/auto/service/auto-service-annotations/1.1.1/auto-service-annotations-1.1.1.jar:/Users/rohithvasudevan/.m2/repository/org/seleniumhq/selenium/selenium-chromium-driver/4.16.1/selenium-chromium-driver-4.16.1.jar:/Users/rohithvasudevan/.m2/repository/org/seleniumhq/selenium/selenium-json/4.16.1/selenium-json-4.16.1.jar:/Users/rohithvasudevan/.m2/repository/org/seleniumhq/selenium/selenium-manager/4.16.1/selenium-manager-4.16.1.jar:/Users/rohithvasudevan/.m2/repository/org/seleniumhq/selenium/selenium-devtools-v118/4.16.1/selenium-devtools-v118-4.16.1.jar:/Users/rohithvasudevan/.m2/repository/org/seleniumhq/selenium/selenium-devtools-v119/4.16.1/selenium-devtools-v119-4.16.1.jar:/Users/rohithvasudevan/.m2/repository/org/seleniumhq/selenium/selenium-devtools-v120/4.16.1/selenium-devtools-v120-4.16.1.jar:/Users/rohithvasudevan/.m2/repository/org/seleniumhq/selenium/selenium-devtools-v85/4.16.1/selenium-devtools-v85-4.16.1.jar:/Users/rohithvasudevan/.m2/repository/org/seleniumhq/selenium/selenium-edge-driver/4.16.1/selenium-edge-driver-4.16.1.jar:/Users/rohithvasudevan/.m2/repository/org/seleniumhq/selenium/selenium-firefox-driver/4.16.1/selenium-firefox-driver-4.16.1.jar:/Users/rohithvasudevan/.m2/repository/org/seleniumhq/selenium/selenium-http/4.16.1/selenium-http-4.16.1.jar:/Users/rohithvasudevan/.m2/repository/dev/failsafe/failsafe/3.3.2/failsafe-3.3.2.jar:/Users/rohithvasudevan/.m2/repository/org/seleniumhq/selenium/selenium-ie-driver/4.16.1/selenium-ie-driver-4.16.1.jar:/Users/rohithvasudevan/.m2/repository/org/seleniumhq/selenium/selenium-remote-driver/4.16.1/selenium-remote-driver-4.16.1.jar:/Users/rohithvasudevan/.m2/repository/io/opentelemetry/opentelemetry-api/1.28.0/opentelemetry-api-1.28.0.jar:/Users/rohithvasudevan/.m2/repository/io/opentelemetry/opentelemetry-context/1.28.0/opentelemetry-context-1.28.0.jar:/Users/rohithvasudevan/.m2/repository/io/opentelemetry/opentelemetry-exporter-logging/1.28.0/opentelemetry-exporter-logging-1.28.0.jar:/Users/rohithvasudevan/.m2/repository/io/opentelemetry/opentelemetry-sdk-metrics/1.28.0/opentelemetry-sdk-metrics-1.28.0.jar:/Users/rohithvasudevan/.m2/repository/io/opentelemetry/opentelemetry-extension-incubator/1.28.0-alpha/opentelemetry-extension-incubator-1.28.0-alpha.jar:/Users/rohithvasudevan/.m2/repository/io/opentelemetry/opentelemetry-sdk-logs/1.28.0/opentelemetry-sdk-logs-1.28.0.jar:/Users/rohithvasudevan/.m2/repository/io/opentelemetry/opentelemetry-sdk-common/1.28.0/opentelemetry-sdk-common-1.28.0.jar:/Users/rohithvasudevan/.m2/repository/io/opentelemetry/opentelemetry-sdk-extension-autoconfigure-spi/1.28.0/opentelemetry-sdk-extension-autoconfigure-spi-1.28.0.jar:/Users/rohithvasudevan/.m2/repository/io/opentelemetry/opentelemetry-sdk-extension-autoconfigure/1.28.0/opentelemetry-sdk-extension-autoconfigure-1.28.0.jar:/Users/rohithvasudevan/.m2/repository/io/opentelemetry/opentelemetry-api-events/1.28.0-alpha/opentelemetry-api-events-1.28.0-alpha.jar:/Users/rohithvasudevan/.m2/repository/io/opentelemetry/opentelemetry-sdk-trace/1.28.0/opentelemetry-sdk-trace-1.28.0.jar:/Users/rohithvasudevan/.m2/repository/io/opentelemetry/opentelemetry-sdk/1.28.0/opentelemetry-sdk-1.28.0.jar:/Users/rohithvasudevan/.m2/repository/io/opentelemetry/opentelemetry-semconv/1.28.0-alpha/opentelemetry-semconv-1.28.0-alpha.jar:/Users/rohithvasudevan/.m2/repository/net/bytebuddy/byte-buddy/1.14.5/byte-buddy-1.14.5.jar:/Users/rohithvasudevan/.m2/repository/org/seleniumhq/selenium/selenium-os/4.16.1/selenium-os-4.16.1.jar:/Users/rohithvasudevan/.m2/repository/org/apache/commons/commons-exec/1.3/commons-exec-1.3.jar:/Users/rohithvasudevan/.m2/repository/org/seleniumhq/selenium/selenium-safari-driver/4.16.1/selenium-safari-driver-4.16.1.jar:/Users/rohithvasudevan/.m2/repository/org/seleniumhq/selenium/selenium-support/4.16.1/selenium-support-4.16.1.jar:/Users/rohithvasudevan/.m2/repository/commons-io/commons-io/2.11.0/commons-io-2.11.0.jar:/Users/rohithvasudevan/.m2/repository/com/browserstack/browserstack-local-java/1.0.3/browserstack-local-java-1.0.3.jar:/Users/rohithvasudevan/.m2/repository/org/json/json/20160212/json-20160212.jar:/Users/rohithvasudevan/.m2/repository/org/testng/testng/7.7.1/testng-7.7.1.jar:/Users/rohithvasudevan/.m2/repository/org/slf4j/slf4j-api/1.7.36/slf4j-api-1.7.36.jar:/Users/rohithvasudevan/.m2/repository/com/beust/jcommander/1.82/jcommander-1.82.jar:/Users/rohithvasudevan/.m2/repository/org/webjars/jquery/3.6.1/jquery-3.6.1.jar:/Users/rohithvasudevan/.m2/repository/com/deepl/api/deepl-java/1.4.0/deepl-java-1.4.0.jar:/Users/rohithvasudevan/.m2/repository/org/jetbrains/annotations/20.1.0/annotations-20.1.0.jar:/Users/rohithvasudevan/.m2/repository/com/google/code/gson/gson/2.10.1/gson-2.10.1.jar:/Users/rohithvasudevan/.m2/repository/com/google/cloud/google-cloud-translate/2.27.0/google-cloud-translate-2.27.0.jar:/Users/rohithvasudevan/.m2/repository/io/grpc/grpc-api/1.58.0/grpc-api-1.58.0.jar:/Users/rohithvasudevan/.m2/repository/com/google/code/findbugs/jsr305/3.0.2/jsr305-3.0.2.jar:/Users/rohithvasudevan/.m2/repository/com/google/errorprone/error_prone_annotations/2.20.0/error_prone_annotations-2.20.0.jar:/Users/rohithvasudevan/.m2/repository/io/grpc/grpc-stub/1.58.0/grpc-stub-1.58.0.jar:/Users/rohithvasudevan/.m2/repository/io/grpc/grpc-protobuf/1.58.0/grpc-protobuf-1.58.0.jar:/Users/rohithvasudevan/.m2/repository/io/grpc/grpc-protobuf-lite/1.58.0/grpc-protobuf-lite-1.58.0.jar:/Users/rohithvasudevan/.m2/repository/com/google/api/api-common/2.17.1/api-common-2.17.1.jar:/Users/rohithvasudevan/.m2/repository/com/google/auto/value/auto-value-annotations/1.10.2/auto-value-annotations-1.10.2.jar:/Users/rohithvasudevan/.m2/repository/javax/annotation/javax.annotation-api/1.3.2/javax.annotation-api-1.3.2.jar:/Users/rohithvasudevan/.m2/repository/com/google/protobuf/protobuf-java/3.24.3/protobuf-java-3.24.3.jar:/Users/rohithvasudevan/.m2/repository/com/google/api/grpc/proto-google-common-protos/2.25.1/proto-google-common-protos-2.25.1.jar:/Users/rohithvasudevan/.m2/repository/com/google/api/grpc/proto-google-cloud-translate-v3beta1/0.109.0/proto-google-cloud-translate-v3beta1-0.109.0.jar:/Users/rohithvasudevan/.m2/repository/com/google/api/grpc/proto-google-cloud-translate-v3/2.27.0/proto-google-cloud-translate-v3-2.27.0.jar:/Users/rohithvasudevan/.m2/repository/com/google/guava/guava/32.1.2-jre/guava-32.1.2-jre.jar:/Users/rohithvasudevan/.m2/repository/com/google/guava/failureaccess/1.0.1/failureaccess-1.0.1.jar:/Users/rohithvasudevan/.m2/repository/com/google/guava/listenablefuture/9999.0-empty-to-avoid-conflict-with-guava/listenablefuture-9999.0-empty-to-avoid-conflict-with-guava.jar:/Users/rohithvasudevan/.m2/repository/org/checkerframework/checker-qual/3.33.0/checker-qual-3.33.0.jar:/Users/rohithvasudevan/.m2/repository/com/google/j2objc/j2objc-annotations/2.8/j2objc-annotations-2.8.jar:/Users/rohithvasudevan/.m2/repository/com/google/api/gax/2.34.1/gax-2.34.1.jar:/Users/rohithvasudevan/.m2/repository/io/opencensus/opencensus-api/0.31.1/opencensus-api-0.31.1.jar:/Users/rohithvasudevan/.m2/repository/io/grpc/grpc-context/1.58.0/grpc-context-1.58.0.jar:/Users/rohithvasudevan/.m2/repository/com/google/api/gax-grpc/2.34.1/gax-grpc-2.34.1.jar:/Users/rohithvasudevan/.m2/repository/io/grpc/grpc-inprocess/1.58.0/grpc-inprocess-1.58.0.jar:/Users/rohithvasudevan/.m2/repository/io/grpc/grpc-core/1.58.0/grpc-core-1.58.0.jar:/Users/rohithvasudevan/.m2/repository/com/google/android/annotations/4.1.1.4/annotations-4.1.1.4.jar:/Users/rohithvasudevan/.m2/repository/org/codehaus/mojo/animal-sniffer-annotations/1.23/animal-sniffer-annotations-1.23.jar:/Users/rohithvasudevan/.m2/repository/io/grpc/grpc-util/1.58.0/grpc-util-1.58.0.jar:/Users/rohithvasudevan/.m2/repository/io/grpc/grpc-alts/1.58.0/grpc-alts-1.58.0.jar:/Users/rohithvasudevan/.m2/repository/io/grpc/grpc-grpclb/1.58.0/grpc-grpclb-1.58.0.jar:/Users/rohithvasudevan/.m2/repository/org/conscrypt/conscrypt-openjdk-uber/2.5.2/conscrypt-openjdk-uber-2.5.2.jar:/Users/rohithvasudevan/.m2/repository/io/grpc/grpc-auth/1.58.0/grpc-auth-1.58.0.jar:/Users/rohithvasudevan/.m2/repository/io/grpc/grpc-netty-shaded/1.58.0/grpc-netty-shaded-1.58.0.jar:/Users/rohithvasudevan/.m2/repository/io/perfmark/perfmark-api/0.26.0/perfmark-api-0.26.0.jar:/Users/rohithvasudevan/.m2/repository/io/grpc/grpc-googleapis/1.58.0/grpc-googleapis-1.58.0.jar:/Users/rohithvasudevan/.m2/repository/io/grpc/grpc-xds/1.58.0/grpc-xds-1.58.0.jar:/Users/rohithvasudevan/.m2/repository/io/opencensus/opencensus-proto/0.2.0/opencensus-proto-0.2.0.jar:/Users/rohithvasudevan/.m2/repository/io/grpc/grpc-services/1.58.0/grpc-services-1.58.0.jar:/Users/rohithvasudevan/.m2/repository/com/google/re2j/re2j/1.7/re2j-1.7.jar:/Users/rohithvasudevan/.m2/repository/com/google/api/gax-httpjson/2.34.1/gax-httpjson-2.34.1.jar:/Users/rohithvasudevan/.m2/repository/com/google/http-client/google-http-client-gson/1.43.3/google-http-client-gson-1.43.3.jar:/Users/rohithvasudevan/.m2/repository/com/google/protobuf/protobuf-java-util/3.24.3/protobuf-java-util-3.24.3.jar:/Users/rohithvasudevan/.m2/repository/org/threeten/threetenbp/1.6.8/threetenbp-1.6.8.jar:/Users/rohithvasudevan/.m2/repository/com/google/cloud/google-cloud-core/2.24.1/google-cloud-core-2.24.1.jar:/Users/rohithvasudevan/.m2/repository/com/google/api/grpc/proto-google-iam-v1/1.20.1/proto-google-iam-v1-1.20.1.jar:/Users/rohithvasudevan/.m2/repository/com/google/cloud/google-cloud-core-http/2.24.1/google-cloud-core-http-2.24.1.jar:/Users/rohithvasudevan/.m2/repository/com/google/api-client/google-api-client/2.2.0/google-api-client-2.2.0.jar:/Users/rohithvasudevan/.m2/repository/commons-codec/commons-codec/1.15/commons-codec-1.15.jar:/Users/rohithvasudevan/.m2/repository/com/google/oauth-client/google-oauth-client/1.34.1/google-oauth-client-1.34.1.jar:/Users/rohithvasudevan/.m2/repository/com/google/http-client/google-http-client-apache-v2/1.43.3/google-http-client-apache-v2-1.43.3.jar:/Users/rohithvasudevan/.m2/repository/com/google/http-client/google-http-client-appengine/1.43.3/google-http-client-appengine-1.43.3.jar:/Users/rohithvasudevan/.m2/repository/io/opencensus/opencensus-contrib-http-util/0.31.1/opencensus-contrib-http-util-0.31.1.jar:/Users/rohithvasudevan/.m2/repository/com/google/apis/google-api-services-translate/v2-rev20170525-2.0.0/google-api-services-translate-v2-rev20170525-2.0.0.jar:/Users/rohithvasudevan/.m2/repository/com/google/auth/google-auth-library-credentials/1.19.0/google-auth-library-credentials-1.19.0.jar:/Users/rohithvasudevan/.m2/repository/com/google/auth/google-auth-library-oauth2-http/1.19.0/google-auth-library-oauth2-http-1.19.0.jar:/Users/rohithvasudevan/.m2/repository/com/google/http-client/google-http-client/1.43.3/google-http-client-1.43.3.jar:/Users/rohithvasudevan/.m2/repository/org/apache/httpcomponents/httpclient/4.5.14/httpclient-4.5.14.jar:/Users/rohithvasudevan/.m2/repository/commons-logging/commons-logging/1.2/commons-logging-1.2.jar:/Users/rohithvasudevan/.m2/repository/org/apache/httpcomponents/httpcore/4.4.16/httpcore-4.4.16.jar:/Users/rohithvasudevan/.m2/repository/com/google/http-client/google-http-client-jackson2/1.43.3/google-http-client-jackson2-1.43.3.jar:/Users/rohithvasudevan/.m2/repository/com/fasterxml/jackson/core/jackson-core/2.15.2/jackson-core-2.15.2.jar:"/>
    <property name="java.vm.vendor" value="Oracle Corporation"/>
    <property name="sun.arch.data.model" value="64"/>
    <property name="java.vendor.url" value="https://java.oracle.com/"/>
    <property name="user.timezone" value="Asia/Kolkata"/>
    <property name="os.name" value="Mac OS X"/>
    <property name="java.vm.specification.version" value="18"/>
    <property name="sun.java.launcher" value="SUN_STANDARD"/>
    <property name="user.country" value="IN"/>
    <property name="sun.boot.library.path" value="/Library/Java/JavaVirtualMachines/jdk-18.0.1.1.jdk/Contents/Home/lib"/>
    <property name="sun.java.command" value="/Users/rohithvasudevan/IdeaProjects/browserstack_task/target/surefire/surefirebooter-20250330154922543_3.jar /Users/rohithvasudevan/IdeaProjects/browserstack_task/target/surefire 2025-03-30T15-49-21_832-jvmRun1 surefire-20250330154922543_1tmp surefire_0-20250330154922543_2tmp"/>
    <property name="http.nonProxyHosts" value="local|*.local|169.254/16|*.169.254/16"/>
    <property name="jdk.debug" value="release"/>
    <property name="surefire.test.class.path" value="/Users/rohithvasudevan/IdeaProjects/browserstack_task/target/test-classes:/Users/rohithvasudevan/IdeaProjects/browserstack_task/target/classes:/Users/rohithvasudevan/.m2/repository/org/seleniumhq/selenium/selenium-java/4.16.1/selenium-java-4.16.1.jar:/Users/rohithvasudevan/.m2/repository/org/seleniumhq/selenium/selenium-api/4.16.1/selenium-api-4.16.1.jar:/Users/rohithvasudevan/.m2/repository/org/seleniumhq/selenium/selenium-chrome-driver/4.16.1/selenium-chrome-driver-4.16.1.jar:/Users/rohithvasudevan/.m2/repository/com/google/auto/service/auto-service-annotations/1.1.1/auto-service-annotations-1.1.1.jar:/Users/rohithvasudevan/.m2/repository/org/seleniumhq/selenium/selenium-chromium-driver/4.16.1/selenium-chromium-driver-4.16.1.jar:/Users/rohithvasudevan/.m2/repository/org/seleniumhq/selenium/selenium-json/4.16.1/selenium-json-4.16.1.jar:/Users/rohithvasudevan/.m2/repository/org/seleniumhq/selenium/selenium-manager/4.16.1/selenium-manager-4.16.1.jar:/Users/rohithvasudevan/.m2/repository/org/seleniumhq/selenium/selenium-devtools-v118/4.16.1/selenium-devtools-v118-4.16.1.jar:/Users/rohithvasudevan/.m2/repository/org/seleniumhq/selenium/selenium-devtools-v119/4.16.1/selenium-devtools-v119-4.16.1.jar:/Users/rohithvasudevan/.m2/repository/org/seleniumhq/selenium/selenium-devtools-v120/4.16.1/selenium-devtools-v120-4.16.1.jar:/Users/rohithvasudevan/.m2/repository/org/seleniumhq/selenium/selenium-devtools-v85/4.16.1/selenium-devtools-v85-4.16.1.jar:/Users/rohithvasudevan/.m2/repository/org/seleniumhq/selenium/selenium-edge-driver/4.16.1/selenium-edge-driver-4.16.1.jar:/Users/rohithvasudevan/.m2/repository/org/seleniumhq/selenium/selenium-firefox-driver/4.16.1/selenium-firefox-driver-4.16.1.jar:/Users/rohithvasudevan/.m2/repository/org/seleniumhq/selenium/selenium-http/4.16.1/selenium-http-4.16.1.jar:/Users/rohithvasudevan/.m2/repository/dev/failsafe/failsafe/3.3.2/failsafe-3.3.2.jar:/Users/rohithvasudevan/.m2/repository/org/seleniumhq/selenium/selenium-ie-driver/4.16.1/selenium-ie-driver-4.16.1.jar:/Users/rohithvasudevan/.m2/repository/org/seleniumhq/selenium/selenium-remote-driver/4.16.1/selenium-remote-driver-4.16.1.jar:/Users/rohithvasudevan/.m2/repository/io/opentelemetry/opentelemetry-api/1.28.0/opentelemetry-api-1.28.0.jar:/Users/rohithvasudevan/.m2/repository/io/opentelemetry/opentelemetry-context/1.28.0/opentelemetry-context-1.28.0.jar:/Users/rohithvasudevan/.m2/repository/io/opentelemetry/opentelemetry-exporter-logging/1.28.0/opentelemetry-exporter-logging-1.28.0.jar:/Users/rohithvasudevan/.m2/repository/io/opentelemetry/opentelemetry-sdk-metrics/1.28.0/opentelemetry-sdk-metrics-1.28.0.jar:/Users/rohithvasudevan/.m2/repository/io/opentelemetry/opentelemetry-extension-incubator/1.28.0-alpha/opentelemetry-extension-incubator-1.28.0-alpha.jar:/Users/rohithvasudevan/.m2/repository/io/opentelemetry/opentelemetry-sdk-logs/1.28.0/opentelemetry-sdk-logs-1.28.0.jar:/Users/rohithvasudevan/.m2/repository/io/opentelemetry/opentelemetry-sdk-common/1.28.0/opentelemetry-sdk-common-1.28.0.jar:/Users/rohithvasudevan/.m2/repository/io/opentelemetry/opentelemetry-sdk-extension-autoconfigure-spi/1.28.0/opentelemetry-sdk-extension-autoconfigure-spi-1.28.0.jar:/Users/rohithvasudevan/.m2/repository/io/opentelemetry/opentelemetry-sdk-extension-autoconfigure/1.28.0/opentelemetry-sdk-extension-autoconfigure-1.28.0.jar:/Users/rohithvasudevan/.m2/repository/io/opentelemetry/opentelemetry-api-events/1.28.0-alpha/opentelemetry-api-events-1.28.0-alpha.jar:/Users/rohithvasudevan/.m2/repository/io/opentelemetry/opentelemetry-sdk-trace/1.28.0/opentelemetry-sdk-trace-1.28.0.jar:/Users/rohithvasudevan/.m2/repository/io/opentelemetry/opentelemetry-sdk/1.28.0/opentelemetry-sdk-1.28.0.jar:/Users/rohithvasudevan/.m2/repository/io/opentelemetry/opentelemetry-semconv/1.28.0-alpha/opentelemetry-semconv-1.28.0-alpha.jar:/Users/rohithvasudevan/.m2/repository/net/bytebuddy/byte-buddy/1.14.5/byte-buddy-1.14.5.jar:/Users/rohithvasudevan/.m2/repository/org/seleniumhq/selenium/selenium-os/4.16.1/selenium-os-4.16.1.jar:/Users/rohithvasudevan/.m2/repository/org/apache/commons/commons-exec/1.3/commons-exec-1.3.jar:/Users/rohithvasudevan/.m2/repository/org/seleniumhq/selenium/selenium-safari-driver/4.16.1/selenium-safari-driver-4.16.1.jar:/Users/rohithvasudevan/.m2/repository/org/seleniumhq/selenium/selenium-support/4.16.1/selenium-support-4.16.1.jar:/Users/rohithvasudevan/.m2/repository/commons-io/commons-io/2.11.0/commons-io-2.11.0.jar:/Users/rohithvasudevan/.m2/repository/com/browserstack/browserstack-local-java/1.0.3/browserstack-local-java-1.0.3.jar:/Users/rohithvasudevan/.m2/repository/org/json/json/20160212/json-20160212.jar:/Users/rohithvasudevan/.m2/repository/org/testng/testng/7.7.1/testng-7.7.1.jar:/Users/rohithvasudevan/.m2/repository/org/slf4j/slf4j-api/1.7.36/slf4j-api-1.7.36.jar:/Users/rohithvasudevan/.m2/repository/com/beust/jcommander/1.82/jcommander-1.82.jar:/Users/rohithvasudevan/.m2/repository/org/webjars/jquery/3.6.1/jquery-3.6.1.jar:/Users/rohithvasudevan/.m2/repository/com/deepl/api/deepl-java/1.4.0/deepl-java-1.4.0.jar:/Users/rohithvasudevan/.m2/repository/org/jetbrains/annotations/20.1.0/annotations-20.1.0.jar:/Users/rohithvasudevan/.m2/repository/com/google/code/gson/gson/2.10.1/gson-2.10.1.jar:/Users/rohithvasudevan/.m2/repository/com/google/cloud/google-cloud-translate/2.27.0/google-cloud-translate-2.27.0.jar:/Users/rohithvasudevan/.m2/repository/io/grpc/grpc-api/1.58.0/grpc-api-1.58.0.jar:/Users/rohithvasudevan/.m2/repository/com/google/code/findbugs/jsr305/3.0.2/jsr305-3.0.2.jar:/Users/rohithvasudevan/.m2/repository/com/google/errorprone/error_prone_annotations/2.20.0/error_prone_annotations-2.20.0.jar:/Users/rohithvasudevan/.m2/repository/io/grpc/grpc-stub/1.58.0/grpc-stub-1.58.0.jar:/Users/rohithvasudevan/.m2/repository/io/grpc/grpc-protobuf/1.58.0/grpc-protobuf-1.58.0.jar:/Users/rohithvasudevan/.m2/repository/io/grpc/grpc-protobuf-lite/1.58.0/grpc-protobuf-lite-1.58.0.jar:/Users/rohithvasudevan/.m2/repository/com/google/api/api-common/2.17.1/api-common-2.17.1.jar:/Users/rohithvasudevan/.m2/repository/com/google/auto/value/auto-value-annotations/1.10.2/auto-value-annotations-1.10.2.jar:/Users/rohithvasudevan/.m2/repository/javax/annotation/javax.annotation-api/1.3.2/javax.annotation-api-1.3.2.jar:/Users/rohithvasudevan/.m2/repository/com/google/protobuf/protobuf-java/3.24.3/protobuf-java-3.24.3.jar:/Users/rohithvasudevan/.m2/repository/com/google/api/grpc/proto-google-common-protos/2.25.1/proto-google-common-protos-2.25.1.jar:/Users/rohithvasudevan/.m2/repository/com/google/api/grpc/proto-google-cloud-translate-v3beta1/0.109.0/proto-google-cloud-translate-v3beta1-0.109.0.jar:/Users/rohithvasudevan/.m2/repository/com/google/api/grpc/proto-google-cloud-translate-v3/2.27.0/proto-google-cloud-translate-v3-2.27.0.jar:/Users/rohithvasudevan/.m2/repository/com/google/guava/guava/32.1.2-jre/guava-32.1.2-jre.jar:/Users/rohithvasudevan/.m2/repository/com/google/guava/failureaccess/1.0.1/failureaccess-1.0.1.jar:/Users/rohithvasudevan/.m2/repository/com/google/guava/listenablefuture/9999.0-empty-to-avoid-conflict-with-guava/listenablefuture-9999.0-empty-to-avoid-conflict-with-guava.jar:/Users/rohithvasudevan/.m2/repository/org/checkerframework/checker-qual/3.33.0/checker-qual-3.33.0.jar:/Users/rohithvasudevan/.m2/repository/com/google/j2objc/j2objc-annotations/2.8/j2objc-annotations-2.8.jar:/Users/rohithvasudevan/.m2/repository/com/google/api/gax/2.34.1/gax-2.34.1.jar:/Users/rohithvasudevan/.m2/repository/io/opencensus/opencensus-api/0.31.1/opencensus-api-0.31.1.jar:/Users/rohithvasudevan/.m2/repository/io/grpc/grpc-context/1.58.0/grpc-context-1.58.0.jar:/Users/rohithvasudevan/.m2/repository/com/google/api/gax-grpc/2.34.1/gax-grpc-2.34.1.jar:/Users/rohithvasudevan/.m2/repository/io/grpc/grpc-inprocess/1.58.0/grpc-inprocess-1.58.0.jar:/Users/rohithvasudevan/.m2/repository/io/grpc/grpc-core/1.58.0/grpc-core-1.58.0.jar:/Users/rohithvasudevan/.m2/repository/com/google/android/annotations/4.1.1.4/annotations-4.1.1.4.jar:/Users/rohithvasudevan/.m2/repository/org/codehaus/mojo/animal-sniffer-annotations/1.23/animal-sniffer-annotations-1.23.jar:/Users/rohithvasudevan/.m2/repository/io/grpc/grpc-util/1.58.0/grpc-util-1.58.0.jar:/Users/rohithvasudevan/.m2/repository/io/grpc/grpc-alts/1.58.0/grpc-alts-1.58.0.jar:/Users/rohithvasudevan/.m2/repository/io/grpc/grpc-grpclb/1.58.0/grpc-grpclb-1.58.0.jar:/Users/rohithvasudevan/.m2/repository/org/conscrypt/conscrypt-openjdk-uber/2.5.2/conscrypt-openjdk-uber-2.5.2.jar:/Users/rohithvasudevan/.m2/repository/io/grpc/grpc-auth/1.58.0/grpc-auth-1.58.0.jar:/Users/rohithvasudevan/.m2/repository/io/grpc/grpc-netty-shaded/1.58.0/grpc-netty-shaded-1.58.0.jar:/Users/rohithvasudevan/.m2/repository/io/perfmark/perfmark-api/0.26.0/perfmark-api-0.26.0.jar:/Users/rohithvasudevan/.m2/repository/io/grpc/grpc-googleapis/1.58.0/grpc-googleapis-1.58.0.jar:/Users/rohithvasudevan/.m2/repository/io/grpc/grpc-xds/1.58.0/grpc-xds-1.58.0.jar:/Users/rohithvasudevan/.m2/repository/io/opencensus/opencensus-proto/0.2.0/opencensus-proto-0.2.0.jar:/Users/rohithvasudevan/.m2/repository/io/grpc/grpc-services/1.58.0/grpc-services-1.58.0.jar:/Users/rohithvasudevan/.m2/repository/com/google/re2j/re2j/1.7/re2j-1.7.jar:/Users/rohithvasudevan/.m2/repository/com/google/api/gax-httpjson/2.34.1/gax-httpjson-2.34.1.jar:/Users/rohithvasudevan/.m2/repository/com/google/http-client/google-http-client-gson/1.43.3/google-http-client-gson-1.43.3.jar:/Users/rohithvasudevan/.m2/repository/com/google/protobuf/protobuf-java-util/3.24.3/protobuf-java-util-3.24.3.jar:/Users/rohithvasudevan/.m2/repository/org/threeten/threetenbp/1.6.8/threetenbp-1.6.8.jar:/Users/rohithvasudevan/.m2/repository/com/google/cloud/google-cloud-core/2.24.1/google-cloud-core-2.24.1.jar:/Users/rohithvasudevan/.m2/repository/com/google/api/grpc/proto-google-iam-v1/1.20.1/proto-google-iam-v1-1.20.1.jar:/Users/rohithvasudevan/.m2/repository/com/google/cloud/google-cloud-core-http/2.24.1/google-cloud-core-http-2.24.1.jar:/Users/rohithvasudevan/.m2/repository/com/google/api-client/google-api-client/2.2.0/google-api-client-2.2.0.jar:/Users/rohithvasudevan/.m2/repository/commons-codec/commons-codec/1.15/commons-codec-1.15.jar:/Users/rohithvasudevan/.m2/repository/com/google/oauth-client/google-oauth-client/1.34.1/google-oauth-client-1.34.1.jar:/Users/rohithvasudevan/.m2/repository/com/google/http-client/google-http-client-apache-v2/1.43.3/google-http-client-apache-v2-1.43.3.jar:/Users/rohithvasudevan/.m2/repository/com/google/http-client/google-http-client-appengine/1.43.3/google-http-client-appengine-1.43.3.jar:/Users/rohithvasudevan/.m2/repository/io/opencensus/opencensus-contrib-http-util/0.31.1/opencensus-contrib-http-util-0.31.1.jar:/Users/rohithvasudevan/.m2/repository/com/google/apis/google-api-services-translate/v2-rev20170525-2.0.0/google-api-services-translate-v2-rev20170525-2.0.0.jar:/Users/rohithvasudevan/.m2/repository/com/google/auth/google-auth-library-credentials/1.19.0/google-auth-library-credentials-1.19.0.jar:/Users/rohithvasudevan/.m2/repository/com/google/auth/google-auth-library-oauth2-http/1.19.0/google-auth-library-oauth2-http-1.19.0.jar:/Users/rohithvasudevan/.m2/repository/com/google/http-client/google-http-client/1.43.3/google-http-client-1.43.3.jar:/Users/rohithvasudevan/.m2/repository/org/apache/httpcomponents/httpclient/4.5.14/httpclient-4.5.14.jar:/Users/rohithvasudevan/.m2/repository/commons-logging/commons-logging/1.2/commons-logging-1.2.jar:/Users/rohithvasudevan/.m2/repository/org/apache/httpcomponents/httpcore/4.4.16/httpcore-4.4.16.jar:/Users/rohithvasudevan/.m2/repository/com/google/http-client/google-http-client-jackson2/1.43.3/google-http-client-jackson2-1.43.3.jar:/Users/rohithvasudevan/.m2/repository/com/fasterxml/jackson/core/jackson-core/2.15.2/jackson-core-2.15.2.jar:"/>
    <property name="sun.cpu.endian" value="little"/>
    <property name="user.home" value="/Users/rohithvasudevan"/>
    <property name="user.language" value="en"/>
    <property name="java.specification.vendor" value="Oracle Corporation"/>
    <property name="java.version.date" value="2022-04-22"/>
    <property name="java.home" value="/Library/Java/JavaVirtualMachines/jdk-18.0.1.1.jdk/Contents/Home"/>
    <property name="file.separator" value="/"/>
    <property name="basedir" value="/Users/rohithvasudevan/IdeaProjects/browserstack_task"/>
    <property name="java.vm.compressedOopsMode" value="Zero based"/>
    <property name="line.separator" value="&#10;"/>
    <property name="java.vm.specification.vendor" value="Oracle Corporation"/>
    <property name="java.specification.name" value="Java Platform API Specification"/>
    <property name="apple.awt.application.name" value="ForkedBooter"/>
    <property name="surefire.real.class.path" value="/Users/rohithvasudevan/IdeaProjects/browserstack_task/target/surefire/surefirebooter-20250330154922543_3.jar"/>
    <property name="sun.management.compiler" value="HotSpot 64-Bit Tiered Compilers"/>
    <property name="ftp.nonProxyHosts" value="local|*.local|169.254/16|*.169.254/16"/>
    <property name="java.runtime.version" value="18.0.1.1+2-6"/>
    <property name="user.name" value="rohithvasudevan"/>
    <property name="path.separator" value=":"/>
    <property name="otel.metrics.exporter" value="none"/>
    <property name="os.version" value="14.5"/>
    <property name="java.runtime.name" value="Java(TM) SE Runtime Environment"/>
    <property name="otel.traces.exporter" value="none"/>
    <property name="file.encoding" value="UTF-8"/>
    <property name="java.vm.name" value="Java HotSpot(TM) 64-Bit Server VM"/>
    <property name="localRepository" value="/Users/rohithvasudevan/.m2/repository"/>
    <property name="java.vendor.url.bug" value="https://bugreport.java.com/bugreport/"/>
    <property name="otel.logs.exporter" value="none"/>
    <property name="java.io.tmpdir" value="/var/folders/7w/v6j_2nyd4qs7t2zxv_5xpc7c0000gn/T/"/>
    <property name="java.version" value="18.0.1.1"/>
    <property name="user.dir" value="/Users/rohithvasudevan/IdeaProjects/browserstack_task"/>
    <property name="os.arch" value="x86_64"/>
    <property name="java.vm.specification.name" value="Java Virtual Machine Specification"/>
    <property name="native.encoding" value="US-ASCII"/>
    <property name="java.library.path" value="/Users/rohithvasudevan/Library/Java/Extensions:/Library/Java/Extensions:/Network/Library/Java/Extensions:/System/Library/Java/Extensions:/usr/lib/java:."/>
    <property name="java.vm.info" value="mixed mode, sharing"/>
    <property name="java.vendor" value="Oracle Corporation"/>
    <property name="java.vm.version" value="18.0.1.1+2-6"/>
    <property name="sun.io.unicode.encoding" value="UnicodeBig"/>
    <property name="socksNonProxyHosts" value="local|*.local|169.254/16|*.169.254/16"/>
    <property name="java.class.version" value="62.0"/>
  </properties>
  <testcase name="setup[Chrome, Windows 10](0)" classname="org.example.ElPaisBrowserStackTest" time="3.457">
    <failure message="Could not start a new session. Possible causes are invalid address of the remote server or browser start-up failure. &#10;Host info: host: &apos;Rohiths-MacBook-Pro.local&apos;, ip: &apos;2406:7400:51:f484:d9cf:ac7c:c199:5a5b%en0&apos;" type="org.openqa.selenium.SessionNotCreatedException"><![CDATA[org.openqa.selenium.SessionNotCreatedException: 
Could not start a new session. Possible causes are invalid address of the remote server or browser start-up failure. 
Host info: host: 'Rohiths-MacBook-Pro.local', ip: '2406:7400:51:f484:d9cf:ac7c:c199:5a5b%en0'
	at org.openqa.selenium.remote.RemoteWebDriver.execute(RemoteWebDriver.java:541)
	at org.openqa.selenium.remote.RemoteWebDriver.startSession(RemoteWebDriver.java:237)
	at org.openqa.selenium.remote.RemoteWebDriver.<init>(RemoteWebDriver.java:164)
	at org.openqa.selenium.remote.RemoteWebDriver.<init>(RemoteWebDriver.java:144)
	at org.example.ElPaisBrowserStackTest.setup(ElPaisBrowserStackTest.java:63)
	at java.base/jdk.internal.reflect.DirectMethodHandleAccessor.invoke(DirectMethodHandleAccessor.java:104)
	at java.base/java.lang.reflect.Method.invoke(Method.java:577)
	at org.testng.internal.invokers.MethodInvocationHelper.invokeMethod(MethodInvocationHelper.java:139)
	at org.testng.internal.invokers.MethodInvocationHelper.invokeMethodConsideringTimeout(MethodInvocationHelper.java:69)
	at org.testng.internal.invokers.ConfigInvoker.invokeConfigurationMethod(ConfigInvoker.java:361)
	at org.testng.internal.invokers.ConfigInvoker.invokeConfigurations(ConfigInvoker.java:296)
	at org.testng.internal.invokers.TestMethodWorker.invokeBeforeClassMethods(TestMethodWorker.java:180)
	at org.testng.internal.invokers.TestMethodWorker.run(TestMethodWorker.java:122)
	at java.base/java.util.concurrent.ThreadPoolExecutor.runWorker(ThreadPoolExecutor.java:1136)
	at java.base/java.util.concurrent.ThreadPoolExecutor$Worker.run(ThreadPoolExecutor.java:635)
	at java.base/java.lang.Thread.run(Thread.java:833)
Caused by: org.openqa.selenium.WebDriverException: Automate testing time expired.
Build info: version: '4.16.1', revision: '9b4c83354e'
System info: os.name: 'Mac OS X', os.arch: 'x86_64', os.version: '14.5', java.version: '18.0.1.1'
Driver info: driver.version: RemoteWebDriver
remote stacktrace: 
	at java.base/jdk.internal.reflect.DirectConstructorHandleAccessor.newInstance(DirectConstructorHandleAccessor.java:67)
	at java.base/java.lang.reflect.Constructor.newInstanceWithCaller(Constructor.java:499)
	at java.base/java.lang.reflect.Constructor.newInstance(Constructor.java:483)
	at org.openqa.selenium.remote.W3CHandshakeResponse.lambda$errorHandler$0(W3CHandshakeResponse.java:59)
	at org.openqa.selenium.remote.HandshakeResponse.lambda$getResponseFunction$0(HandshakeResponse.java:31)
	at org.openqa.selenium.remote.ProtocolHandshake.lambda$createSession$1(ProtocolHandshake.java:146)
	at java.base/java.util.stream.ReferencePipeline$3$1.accept(ReferencePipeline.java:197)
	at java.base/java.util.stream.Streams$StreamBuilderImpl.tryAdvance(Streams.java:397)
	at java.base/java.util.stream.ReferencePipeline.forEachWithCancel(ReferencePipeline.java:129)
	at java.base/java.util.stream.AbstractPipeline.copyIntoWithCancel(AbstractPipeline.java:527)
	at java.base/java.util.stream.AbstractPipeline.copyInto(AbstractPipeline.java:513)
	at java.base/java.util.stream.AbstractPipeline.wrapAndCopyInto(AbstractPipeline.java:499)
	at java.base/java.util.stream.FindOps$FindOp.evaluateSequential(FindOps.java:150)
	at java.base/java.util.stream.AbstractPipeline.evaluate(AbstractPipeline.java:234)
	at java.base/java.util.stream.ReferencePipeline.findFirst(ReferencePipeline.java:647)
	at org.openqa.selenium.remote.ProtocolHandshake.createSession(ProtocolHandshake.java:148)
	at org.openqa.selenium.remote.ProtocolHandshake.createSession(ProtocolHandshake.java:96)
	at org.openqa.selenium.remote.ProtocolHandshake.createSession(ProtocolHandshake.java:68)
	at org.openqa.selenium.remote.HttpCommandExecutor.execute(HttpCommandExecutor.java:163)
	at org.openqa.selenium.remote.TracedCommandExecutor.execute(TracedCommandExecutor.java:51)
	at org.openqa.selenium.remote.RemoteWebDriver.execute(RemoteWebDriver.java:523)
	... 15 more
]]></failure>
    <system-err><![CDATA[SLF4J: Failed to load class "org.slf4j.impl.StaticLoggerBinder".
SLF4J: Defaulting to no-operation (NOP) logger implementation
SLF4J: See http://www.slf4j.org/codes.html#StaticLoggerBinder for further details.
Mar 30, 2025 3:49:23 PM org.openqa.selenium.remote.tracing.opentelemetry.OpenTelemetryTracer createTracer
INFO: Using OpenTelemetry for tracing
]]></system-err>
  </testcase>
  <testcase name="testElPaisScraping" classname="org.example.ElPaisBrowserStackTest" time="3.46">
    <failure message="&#10;Cannot inject @Test annotated Method [testElPaisScraping] with [class java.lang.String, class java.lang.String, class java.lang.String].&#10;For more information on native dependency injection please refer to https://testng.org/doc/documentation-main.html#native-dependency-injection" type="org.testng.TestNGException"><![CDATA[org.testng.TestNGException: 

Cannot inject @Test annotated Method [testElPaisScraping] with [class java.lang.String, class java.lang.String, class java.lang.String].
For more information on native dependency injection please refer to https://testng.org/doc/documentation-main.html#native-dependency-injection
	at org.testng.internal.Parameters.checkParameterTypes(Parameters.java:436)
	at org.testng.internal.Parameters.createParametersForMethod(Parameters.java:350)
	at org.testng.internal.Parameters.createParameters(Parameters.java:693)
	at org.testng.internal.Parameters.handleParameters(Parameters.java:879)
	at org.testng.internal.Parameters.handleParameters(Parameters.java:728)
	at org.testng.internal.invokers.ParameterHandler.handleParameters(ParameterHandler.java:72)
	at org.testng.internal.invokers.ParameterHandler.createParameters(ParameterHandler.java:51)
	at org.testng.internal.invokers.TestInvoker$MethodInvocationAgent.invoke(TestInvoker.java:924)
	at org.testng.internal.invokers.TestInvoker.invokeTestMethods(TestInvoker.java:194)
	at org.testng.internal.invokers.TestMethodWorker.invokeTestMethods(TestMethodWorker.java:148)
	at org.testng.internal.invokers.TestMethodWorker.run(TestMethodWorker.java:128)
	at java.base/java.util.concurrent.ThreadPoolExecutor.runWorker(ThreadPoolExecutor.java:1136)
	at java.base/java.util.concurrent.ThreadPoolExecutor$Worker.run(ThreadPoolExecutor.java:635)
	at java.base/java.lang.Thread.run(Thread.java:833)
]]></failure>
  </testcase>
</testsuite>